c:\users\81804\downloads\cⅱ_kimatsu\cⅱ_kimatsu\pdcursessample\debug\vc142.pdb
c:\users\81804\downloads\cⅱ_kimatsu\cⅱ_kimatsu\pdcursessample\debug\vc142.idb
c:\users\81804\downloads\cⅱ_kimatsu\cⅱ_kimatsu\pdcursessample\debug\title.obj
c:\users\81804\downloads\cⅱ_kimatsu\cⅱ_kimatsu\pdcursessample\debug\stage.obj
c:\users\81804\downloads\cⅱ_kimatsu\cⅱ_kimatsu\pdcursessample\debug\read_char.obj
c:\users\81804\downloads\cⅱ_kimatsu\cⅱ_kimatsu\pdcursessample\debug\game.obj
c:\users\81804\downloads\cⅱ_kimatsu\cⅱ_kimatsu\pdcursessample\debug\curses.obj
d:\同志社\プログラミングcⅱ\cⅱ_kimatsu\cⅱ_kimatsu\pdcursessample\debug\vc142.pdb
d:\同志社\プログラミングcⅱ\cⅱ_kimatsu\cⅱ_kimatsu\pdcursessample\debug\vc142.idb
d:\同志社\プログラミングcⅱ\cⅱ_kimatsu\cⅱ_kimatsu\pdcursessample\debug\title.obj
d:\同志社\プログラミングcⅱ\cⅱ_kimatsu\cⅱ_kimatsu\pdcursessample\debug\stage.obj
d:\同志社\プログラミングcⅱ\cⅱ_kimatsu\cⅱ_kimatsu\pdcursessample\debug\read_char.obj
d:\同志社\プログラミングcⅱ\cⅱ_kimatsu\cⅱ_kimatsu\pdcursessample\debug\game.obj
d:\同志社\プログラミングcⅱ\cⅱ_kimatsu\cⅱ_kimatsu\pdcursessample\debug\curses.obj
c:\users\81804\downloads\cⅱ_kimatsu\cⅱ_kimatsu\debug\kimatsu.exe
c:\users\81804\downloads\cⅱ_kimatsu\cⅱ_kimatsu\pdcursessample\debug\kimatsu.ilk
c:\users\81804\downloads\cⅱ_kimatsu\cⅱ_kimatsu\debug\kimatsu.pdb
d:\同志社\プログラミングcⅱ\cⅱ_kimatsu\cⅱ_kimatsu\debug\kimatsu.exe
d:\同志社\プログラミングcⅱ\cⅱ_kimatsu\cⅱ_kimatsu\pdcursessample\debug\kimatsu.ilk
d:\同志社\プログラミングcⅱ\cⅱ_kimatsu\cⅱ_kimatsu\debug\kimatsu.pdb
d:\同志社\プログラミングcⅱ\cⅱ_kimatsu\cⅱ_kimatsu\pdcursessample\debug\cursesgraph.obj
d:\同志社\プログラミングcⅱ\cⅱ_kimatsu\cⅱ_kimatsu\pdcursessample\debug\pdcursessample.obj
d:\同志社\プログラミングcⅱ\cⅱ_kimatsu\cⅱ_kimatsu\pdcursessample\debug\precipitation.obj
d:\同志社\プログラミングcⅱ\cⅱ_kimatsu\cⅱ_kimatsu\pdcursessample\debug\cursesgraph.ilk
d:\同志社\プログラミングcⅱ\cⅱ_kimatsu\cⅱ_kimatsu\debug\kimatsu.ilk
d:\同志社\プログラミングcⅱ\cⅱ_kimatsu\cⅱ_kimatsu\pdcursessample\debug\kimatsu.tlog\cl.command.1.tlog
d:\同志社\プログラミングcⅱ\cⅱ_kimatsu\cⅱ_kimatsu\pdcursessample\debug\kimatsu.tlog\cl.read.1.tlog
d:\同志社\プログラミングcⅱ\cⅱ_kimatsu\cⅱ_kimatsu\pdcursessample\debug\kimatsu.tlog\cl.write.1.tlog
d:\同志社\プログラミングcⅱ\cⅱ_kimatsu\cⅱ_kimatsu\pdcursessample\debug\kimatsu.tlog\link.command.1.tlog
d:\同志社\プログラミングcⅱ\cⅱ_kimatsu\cⅱ_kimatsu\pdcursessample\debug\kimatsu.tlog\link.read.1.tlog
d:\同志社\プログラミングcⅱ\cⅱ_kimatsu\cⅱ_kimatsu\pdcursessample\debug\kimatsu.tlog\link.write.1.tlog
