d:\同志社\cⅱ_kimatsu\pdcursessample\release\vc142.pdb
d:\同志社\cⅱ_kimatsu\pdcursessample\release\title.obj
d:\同志社\cⅱ_kimatsu\pdcursessample\release\stage.obj
d:\同志社\cⅱ_kimatsu\pdcursessample\release\read_char.obj
d:\同志社\cⅱ_kimatsu\pdcursessample\release\game.obj
d:\同志社\cⅱ_kimatsu\release\endterm.exe
d:\同志社\cⅱ_kimatsu\pdcursessample\release\endterm.ipdb
d:\同志社\cⅱ_kimatsu\pdcursessample\release\endterm.iobj
d:\同志社\cⅱ_kimatsu\release\endterm.pdb
d:\同志社\cⅱ_endterm\pdcursessample\release\curses.obj
d:\同志社\cⅱ_endterm\pdcursessample\release\game.obj
d:\同志社\cⅱ_endterm\pdcursessample\release\read_char.obj
d:\同志社\cⅱ_endterm\pdcursessample\release\stage.obj
d:\同志社\cⅱ_endterm\pdcursessample\release\title.obj
d:\同志社\cⅱ_endterm\pdcursessample\release\endterm.ipdb
d:\同志社\cⅱ_endterm\pdcursessample\release\kimatsu.ipdb
d:\同志社\cⅱ_endterm\pdcursessample\release\endterm.iobj
d:\同志社\cⅱ_endterm\pdcursessample\release\kimatsu.iobj
d:\同志社\cⅱ_endterm\pdcursessample\release\vc142.pdb
d:\同志社\cⅱ_endterm\release\endterm.pdb
d:\同志社\cⅱ_endterm\release\endterm.exe
d:\同志社\cⅱ_endterm\pdcursessample\release\endterm.tlog\cl.command.1.tlog
d:\同志社\cⅱ_endterm\pdcursessample\release\endterm.tlog\cl.read.1.tlog
d:\同志社\cⅱ_endterm\pdcursessample\release\endterm.tlog\cl.write.1.tlog
d:\同志社\cⅱ_endterm\pdcursessample\release\endterm.tlog\link.command.1.tlog
d:\同志社\cⅱ_endterm\pdcursessample\release\endterm.tlog\link.read.1.tlog
d:\同志社\cⅱ_endterm\pdcursessample\release\endterm.tlog\link.write.1.tlog
